\BOOKMARK [-1][-]{part.1}{I\040Introduction}{}% 1
\BOOKMARK [0][-]{chapter.1}{General\040presentation}{part.1}% 2
\BOOKMARK [1][-]{section.1.1}{Introduction}{chapter.1}% 3
\BOOKMARK [1][-]{section.1.2}{Battery\040Testing\040principle}{chapter.1}% 4
\BOOKMARK [2][-]{subsection.1.2.1}{Equipements\040and\040measure}{section.1.2}% 5
\BOOKMARK [2][-]{subsection.1.2.2}{Energy\040system\040channel\040concept}{section.1.2}% 6
\BOOKMARK [2][-]{subsection.1.2.3}{Modularity}{section.1.2}% 7
\BOOKMARK [1][-]{section.1.3}{Software\040architecture}{chapter.1}% 8
\BOOKMARK [1][-]{section.1.4}{Instances\040capability}{chapter.1}% 9
\BOOKMARK [1][-]{section.1.5}{Instances\040limitation}{chapter.1}% 10
\BOOKMARK [0][-]{chapter.2}{\376\377\000M\000O\000R\000P\000H\000E\000E\000\256\000\040\000M\000u\000l\000t\000i\000-\000i\000n\000s\000t\000a\000n\000c\000e}{part.1}% 11
\BOOKMARK [1][-]{section.2.1}{General\040concept}{chapter.2}% 12
\BOOKMARK [1][-]{section.2.2}{Multi-Instance\040activation\040and\040configuration}{chapter.2}% 13
\BOOKMARK [2][-]{subsection.2.2.1}{Activation}{section.2.2}% 14
\BOOKMARK [2][-]{subsection.2.2.2}{Configuration}{section.2.2}% 15
\BOOKMARK [1][-]{section.2.3}{Working\040with\040Instances}{chapter.2}% 16
\BOOKMARK [2][-]{subsection.2.3.1}{Editing\040/\040Starting\040a\040specific\040instance}{section.2.3}% 17
\BOOKMARK [2][-]{subsection.2.3.2}{Exchanging\040data\040between\040instances}{section.2.3}% 18
\BOOKMARK [-1][-]{part.2}{II\040Configuration}{}% 19
\BOOKMARK [0][-]{chapter.3}{First\040Installation}{part.2}% 20
\BOOKMARK [1][-]{section.3.1}{Software\040Installation}{chapter.3}% 21
\BOOKMARK [1][-]{section.3.2}{Licensing\040/\040Protection}{chapter.3}% 22
\BOOKMARK [0][-]{chapter.4}{Base\040configuration}{part.2}% 23
\BOOKMARK [1][-]{section.4.1}{Principle}{chapter.4}% 24
\BOOKMARK [1][-]{section.4.2}{Component\040role}{chapter.4}% 25
\BOOKMARK [2][-]{subsection.4.2.1}{Definition}{section.4.2}% 26
\BOOKMARK [2][-]{subsection.4.2.2}{Configuration\040in\040UEditor}{section.4.2}% 27
\BOOKMARK [2][-]{subsection.4.2.3}{MultiInstance\040configuration}{section.4.2}% 28
\BOOKMARK [2][-]{subsection.4.2.4}{Configuration\040without\040any\040hardware}{section.4.2}% 29
\BOOKMARK [2][-]{subsection.4.2.5}{Configuration\040with\040hardware}{section.4.2}% 30
\BOOKMARK [1][-]{section.4.3}{First\040start}{chapter.4}% 31
\BOOKMARK [0][-]{chapter.5}{Runtime\040configuration}{part.2}% 32
\BOOKMARK [1][-]{section.5.1}{Dashboard}{chapter.5}% 33
\BOOKMARK [1][-]{section.5.2}{Channel\040affectation}{chapter.5}% 34
\BOOKMARK [2][-]{subsection.5.2.1}{Definition}{section.5.2}% 35
\BOOKMARK [2][-]{subsection.5.2.2}{Configuration\040in\040UEditor}{section.5.2}% 36
\BOOKMARK [2][-]{subsection.5.2.3}{MultiInstance\040configuration}{section.5.2}% 37
\BOOKMARK [2][-]{subsection.5.2.4}{Configuration\040without\040any\040hardware}{section.5.2}% 38
\BOOKMARK [2][-]{subsection.5.2.5}{Configuration\040with\040hardware}{section.5.2}% 39
\BOOKMARK [1][-]{section.5.3}{First\040start}{chapter.5}% 40
\BOOKMARK [-1][-]{part.3}{III\040Utilization}{}% 41
\BOOKMARK [0][-]{chapter.6}{SCALE\040Battery\040Concept}{part.3}% 42
\BOOKMARK [1][-]{section.6.1}{Concept}{chapter.6}% 43
\BOOKMARK [1][-]{section.6.2}{Configuration}{chapter.6}% 44
\BOOKMARK [2][-]{subsection.6.2.1}{Component\040role}{section.6.2}% 45
\BOOKMARK [2][-]{subsection.6.2.2}{Hardware\040Configuration}{section.6.2}% 46
\BOOKMARK [2][-]{subsection.6.2.3}{Software\040configuration}{section.6.2}% 47
\BOOKMARK [3][-]{subsubsection*.3}{Master\040and\040Instance\040configuration}{subsection.6.2.3}% 48
